0 info it worked if it ends with ok
1 verbose cli [ '/usr/local/bin/node',
1 verbose cli   '/usr/local/bin/npm',
1 verbose cli   'install',
1 verbose cli   'gulp-plumber' ]
2 info using npm@2.14.2
3 info using node@v4.0.0
4 verbose install initial load of /Github/g3/csstoolkits/package.json
5 warn package.json @ No repository field.
6 warn package.json @ No license field.
7 verbose installManyTop reading scoped package data from /Github/g3/csstoolkits/node_modules/gulp/package.json
8 verbose installManyTop reading scoped package data from /Github/g3/csstoolkits/node_modules/gulp-autoprefixer/package.json
9 verbose installManyTop reading scoped package data from /Github/g3/csstoolkits/node_modules/gulp-concat/package.json
10 verbose installManyTop reading scoped package data from /Github/g3/csstoolkits/node_modules/gulp-cssmin/package.json
11 verbose installManyTop reading scoped package data from /Github/g3/csstoolkits/node_modules/gulp-plumber/package.json
12 verbose installManyTop reading scoped package data from /Github/g3/csstoolkits/node_modules/gulp-react/package.json
13 verbose installManyTop reading scoped package data from /Github/g3/csstoolkits/node_modules/gulp-rename/package.json
14 verbose installManyTop reading scoped package data from /Github/g3/csstoolkits/node_modules/gulp-replace/package.json
15 verbose installManyTop reading scoped package data from /Github/g3/csstoolkits/node_modules/gulp-sass/package.json
16 verbose installManyTop reading scoped package data from /Github/g3/csstoolkits/node_modules/gulp-uglify/package.json
17 verbose installManyTop reading scoped package data from /Github/g3/csstoolkits/node_modules/gulp-util/package.json
18 verbose installManyTop reading scoped package data from /Github/g3/csstoolkits/node_modules/gulp-watch/package.json
19 verbose installManyTop reading scoped package data from /Github/g3/csstoolkits/node_modules/require-dir/package.json
20 verbose installManyTop reading scoped package data from /Github/g3/csstoolkits/node_modules/rimraf/package.json
21 verbose installManyTop reading scoped package data from /Github/g3/csstoolkits/node_modules/run-sequence/package.json
22 verbose installManyTop reading scoped package data from /Github/g3/csstoolkits/node_modules/stream-combiner2/package.json
23 verbose installManyTop reading scoped package data from /Github/g3/csstoolkits/node_modules/vinyl-source-stream/package.json
24 info package.json gulp-rename@1.2.2 No license field.
25 info package.json gulp-plumber@0.5.6 No license field.
26 verbose readDependencies loading dependencies from /Github/g3/csstoolkits/package.json
27 verbose install gulp-plumber is installed as 0.5.6
28 silly cache add args [ 'gulp-plumber', null ]
29 verbose cache add spec gulp-plumber
30 silly cache add parsed spec Result {
30 silly cache add   raw: 'gulp-plumber',
30 silly cache add   scope: null,
30 silly cache add   name: 'gulp-plumber',
30 silly cache add   rawSpec: '',
30 silly cache add   spec: '*',
30 silly cache add   type: 'range' }
31 silly addNamed gulp-plumber@*
32 verbose addNamed "*" is a valid semver range for gulp-plumber
33 silly addNameRange { name: 'gulp-plumber', range: '*', hasData: false }
34 silly mapToRegistry name gulp-plumber
35 silly mapToRegistry using default registry
36 silly mapToRegistry registry https://registry.npmjs.org/
37 silly mapToRegistry uri https://registry.npmjs.org/gulp-plumber
38 verbose addNameRange registry:https://registry.npmjs.org/gulp-plumber not in flight; fetching
39 verbose request uri https://registry.npmjs.org/gulp-plumber
40 verbose request no auth needed
41 info attempt registry request try #1 at 13:50:48
42 verbose request id 502ac65268148e80
43 verbose etag "1CHLIQ17QCJ0I6KE74ZUQJAMQ"
44 http request GET https://registry.npmjs.org/gulp-plumber
45 http 304 https://registry.npmjs.org/gulp-plumber
46 silly get cb [ 304,
46 silly get   { date: 'Mon, 14 Sep 2015 05:50:48 GMT',
46 silly get     via: '1.1 varnish',
46 silly get     'cache-control': 'max-age=60',
46 silly get     etag: '"1CHLIQ17QCJ0I6KE74ZUQJAMQ"',
46 silly get     age: '0',
46 silly get     connection: 'keep-alive',
46 silly get     'x-served-by': 'cache-itm7424-ITM',
46 silly get     'x-cache': 'HIT',
46 silly get     'x-cache-hits': '1',
46 silly get     'x-timer': 'S1442209848.397611,VS0,VE583',
46 silly get     vary: 'Accept' } ]
47 verbose etag https://registry.npmjs.org/gulp-plumber from cache
48 verbose get saving gulp-plumber to /Users/joozo/.npm/registry.npmjs.org/gulp-plumber/.cache.json
49 silly addNameRange number 2 { name: 'gulp-plumber', range: '*', hasData: true }
50 silly addNameRange versions [ 'gulp-plumber',
50 silly addNameRange   [ '0.0.1',
50 silly addNameRange     '0.1.0',
50 silly addNameRange     '0.2.0',
50 silly addNameRange     '0.2.1',
50 silly addNameRange     '0.2.3',
50 silly addNameRange     '0.3.0',
50 silly addNameRange     '0.4.0',
50 silly addNameRange     '0.4.1',
50 silly addNameRange     '0.5.0-rc1',
50 silly addNameRange     '0.5.0',
50 silly addNameRange     '0.5.1',
50 silly addNameRange     '0.5.2',
50 silly addNameRange     '0.5.3',
50 silly addNameRange     '0.5.4',
50 silly addNameRange     '0.5.5',
50 silly addNameRange     '0.5.6',
50 silly addNameRange     '0.6.0',
50 silly addNameRange     '0.6.1',
50 silly addNameRange     '0.6.2',
50 silly addNameRange     '0.6.3',
50 silly addNameRange     '0.6.4',
50 silly addNameRange     '0.6.5',
50 silly addNameRange     '0.6.6',
50 silly addNameRange     '1.0.0',
50 silly addNameRange     '1.0.1' ] ]
51 silly addNamed gulp-plumber@1.0.1
52 verbose addNamed "1.0.1" is a plain semver version for gulp-plumber
53 silly cache afterAdd gulp-plumber@1.0.1
54 verbose afterAdd /Users/joozo/.npm/gulp-plumber/1.0.1/package/package.json not in flight; writing
55 verbose afterAdd /Users/joozo/.npm/gulp-plumber/1.0.1/package/package.json written
56 silly install resolved [ { name: 'gulp-plumber',
56 silly install resolved     version: '1.0.1',
56 silly install resolved     description: 'Prevent pipe breaking caused by errors from gulp plugins',
56 silly install resolved     keywords: [ 'gulpplugin' ],
56 silly install resolved     homepage: 'https://github.com/floatdrop/gulp-plumber',
56 silly install resolved     bugs: { url: 'https://github.com/floatdrop/gulp-plumber/issues' },
56 silly install resolved     author:
56 silly install resolved      { name: 'Vsevolod Strukchinsky',
56 silly install resolved        email: 'floatdrop@gmail.com',
56 silly install resolved        url: 'https://github.com/floatdrop' },
56 silly install resolved     main: './index.js',
56 silly install resolved     repository:
56 silly install resolved      { type: 'git',
56 silly install resolved        url: 'git://github.com/floatdrop/gulp-plumber.git' },
56 silly install resolved     scripts:
56 silly install resolved      { test: 'istanbul test _mocha --report html -- test/*.js --reporter spec',
56 silly install resolved        coveralls: 'istanbul cover ./node_modules/mocha/bin/_mocha --report lcovonly -- -R spec && cat ./coverage/lcov.info | ./node_modules/coveralls/bin/coveralls.js && rm -rf ./coverage' },
56 silly install resolved     dependencies: { 'gulp-util': '~3', through2: '~0.6' },
56 silly install resolved     devDependencies:
56 silly install resolved      { mocha: '~1.21.4',
56 silly install resolved        coveralls: '~2.11.1',
56 silly install resolved        'mocha-lcov-reporter': '0.0.1',
56 silly install resolved        istanbul: '~0.3.0',
56 silly install resolved        should: '~4.0.4',
56 silly install resolved        'event-stream': '~3.1.7',
56 silly install resolved        'gulp-mocha': '~1.0.0',
56 silly install resolved        'gulp-watch': '~0.6.9',
56 silly install resolved        gulp: '~3',
56 silly install resolved        'gulp-grep-stream': '0.0.2',
56 silly install resolved        through: '~2.3.4' },
56 silly install resolved     engines: { node: '>=0.10', npm: '>=1.2.10' },
56 silly install resolved     license: 'MIT',
56 silly install resolved     gitHead: '7ae8cfdc135193eb7f5c1a9d17d66da7ad9054ba',
56 silly install resolved     _id: 'gulp-plumber@1.0.1',
56 silly install resolved     _shasum: '56d8e74a0a05a8b75d2ecc11800d0191df542af2',
56 silly install resolved     _from: 'gulp-plumber@*',
56 silly install resolved     _npmVersion: '1.4.28',
56 silly install resolved     _npmUser: { name: 'floatdrop', email: 'floatdrop@gmail.com' },
56 silly install resolved     maintainers: [ [Object] ],
56 silly install resolved     dist:
56 silly install resolved      { shasum: '56d8e74a0a05a8b75d2ecc11800d0191df542af2',
56 silly install resolved        tarball: 'http://registry.npmjs.org/gulp-plumber/-/gulp-plumber-1.0.1.tgz' },
56 silly install resolved     directories: {},
56 silly install resolved     _resolved: 'https://registry.npmjs.org/gulp-plumber/-/gulp-plumber-1.0.1.tgz',
56 silly install resolved     readme: 'ERROR: No README data found!' } ]
57 info install gulp-plumber@1.0.1 into /Github/g3/csstoolkits
58 info installOne gulp-plumber@1.0.1
59 verbose installOne of gulp-plumber to /Github/g3/csstoolkits not in flight; installing
60 verbose lock using /Users/joozo/.npm/_locks/gulp-plumber-c2af037679cdf656.lock for /Github/g3/csstoolkits/node_modules/gulp-plumber
61 silly install write writing gulp-plumber 1.0.1 to /Github/g3/csstoolkits/node_modules/gulp-plumber
62 verbose unbuild node_modules/gulp-plumber
63 info preuninstall gulp-plumber@0.5.6
64 info uninstall gulp-plumber@0.5.6
65 verbose unbuild rmStuff gulp-plumber@0.5.6 from /Github/g3/csstoolkits/node_modules
66 info postuninstall gulp-plumber@0.5.6
67 silly gentlyRm /Github/g3/csstoolkits/node_modules/gulp-plumber is being purged from base /Github/g3/csstoolkits
68 verbose gentlyRm don't care about contents; nuking /Github/g3/csstoolkits/node_modules/gulp-plumber
69 silly vacuum-fs purging /Github/g3/csstoolkits/node_modules/gulp-plumber
70 verbose unlock done using /Users/joozo/.npm/_locks/gulp-plumber-c2af037679cdf656.lock for /Github/g3/csstoolkits/node_modules/gulp-plumber
71 verbose stack Error: EACCES: permission denied, unlink '/Github/g3/csstoolkits/node_modules/gulp-plumber/node_modules/gulp-util/node_modules/.bin/dateformat'
71 verbose stack     at Error (native)
72 verbose cwd /Github/g3/csstoolkits
73 error Darwin 14.5.0
74 error argv "/usr/local/bin/node" "/usr/local/bin/npm" "install" "gulp-plumber"
75 error node v4.0.0
76 error npm  v2.14.2
77 error path /Github/g3/csstoolkits/node_modules/gulp-plumber/node_modules/gulp-util/node_modules/.bin/dateformat
78 error code EACCES
79 error errno -13
80 error syscall unlink
81 error Error: EACCES: permission denied, unlink '/Github/g3/csstoolkits/node_modules/gulp-plumber/node_modules/gulp-util/node_modules/.bin/dateformat'
81 error     at Error (native)
81 error  { [Error: EACCES: permission denied, unlink '/Github/g3/csstoolkits/node_modules/gulp-plumber/node_modules/gulp-util/node_modules/.bin/dateformat']
81 error   errno: -13,
81 error   code: 'EACCES',
81 error   syscall: 'unlink',
81 error   path: '/Github/g3/csstoolkits/node_modules/gulp-plumber/node_modules/gulp-util/node_modules/.bin/dateformat' }
82 error Please try running this command again as root/Administrator.
83 verbose exit [ -13, true ]
84 verbose unbuild node_modules/gulp-plumber
85 silly gentlyRm /Github/g3/csstoolkits/node_modules/gulp-plumber is being purged from base /Github/g3/csstoolkits
86 verbose gentlyRm don't care about contents; nuking /Github/g3/csstoolkits/node_modules/gulp-plumber
87 silly vacuum-fs purging /Github/g3/csstoolkits/node_modules/gulp-plumber
88 error error rolling back Error: EACCES: permission denied, unlink '/Github/g3/csstoolkits/node_modules/gulp-plumber/node_modules/gulp-util/node_modules/.bin/dateformat'
88 error error rolling back     at Error (native)
88 error error rolling back  { [Error: EACCES: permission denied, unlink '/Github/g3/csstoolkits/node_modules/gulp-plumber/node_modules/gulp-util/node_modules/.bin/dateformat']
88 error error rolling back   errno: -13,
88 error error rolling back   code: 'EACCES',
88 error error rolling back   syscall: 'unlink',
88 error error rolling back   path: '/Github/g3/csstoolkits/node_modules/gulp-plumber/node_modules/gulp-util/node_modules/.bin/dateformat' }
